{
  "numTotalTestSuites": 2,
  "numPassedTestSuites": 2,
  "numFailedTestSuites": 0,
  "numPendingTestSuites": 0,
  "numTotalTests": 1,
  "numPassedTests": 1,
  "numFailedTests": 0,
  "numPendingTests": 0,
  "numTodoTests": 0,
  "startTime": 1667272222948,
  "success": true,
  "testResults": [
    {
      "assertionResults": [
        {
          "ancestorTitles": [
            "",
            "in-page"
          ],
          "fullName": " in-page new",
          "status": "passed",
          "title": "new",
          "duration": 5,
          "failureMessages": []
        }
      ],
      "startTime": 1667272428234,
      "endTime": 1667272428239,
      "status": "passed",
      "message": "",
      "name": "/Users/kiki/Coding/tron-providers/packages/core/test/in-page-provider.test.ts"
    }
  ]
}